<html>
<body>
<pre>
<h1>µVision Build Log</h1>
<h2>Project:</h2>
D:\STM32_ïðîåêòû\Core4X9I\MDK-ARM\Core4X9I.uvproj
Project File Date:  01/24/2017

<h2>Output:</h2>
Build target 'Core4X9I'
compiling CAN.c...
linking...
.\output\Core4X9I.axf: Error: L6220E: Load region LR_IROM1 size (218376 bytes) exceeds limit (217088 bytes). Region contains 302 bytes of padding and 0 bytes of veneers (total 302 bytes of linker generated content).
Finished: 0 information, 0 warning and 1 error messages.
".\output\Core4X9I.axf" - 1 Error(s), 0 Warning(s).
Target not created
</pre>
</body>
</html>
d a declaration
                case 4:
..\USER\bxCAN\CAN.c(712): error:  #18: expected a ")"
                        FLASH->CR |=FLASH_CR_PG;        
..\USER\bxCAN\CAN.c(712): error:  #79: expected a type specifier
                        FLASH->CR |=FLASH_CR_PG;        
..\USER\bxCAN\CAN.c(712): error:  #260-D: explicit type is missing ("int" assumed)
                        FLASH->CR |=FLASH_CR_PG;        
..\USER\bxCAN\CAN.c(712): error:  #101: "FLASH_TypeDef" has already been declared in the current scope
                        FLASH->CR |=FLASH_CR_PG;        
..\USER\bxCAN\CAN.c(712): error:  #141-D: unnamed prototyped parameters not allowed when body is present
                        FLASH->CR |=FLASH_CR_PG;        
..\USER\bxCAN\CAN.c(712): error:  #130: expected a "{"
                        FLASH->CR |=FLASH_CR_PG;        
..\USER\bxCAN\CAN.c(715): error:  #20: identifier "dst" is undefined
                                *(uint32_t*)(dst+i)=*(uint32_t*)(src+i);
..\USER\bxCAN\CAN.c(715): error:  #20: identifier "i" is undefined
                                *(uint32_t*)(dst+i)=*(uint32_t*)(src+i);
..\USER\bxCAN\CAN.c(715): error:  #20: identifier "src" is undefined
                                *(uint32_t*)(dst+i)=*(uint32_t*)(src+i);
..\USER\bxCAN\CAN.c(716): error:  #29: expected an expression
                                while((FLASH->SR & FLASH_SR_EOP)!=FLASH_SR_EOP) {}
..\USER\bxCAN\CAN.c(716): error:  #32: expression must have arithmetic type
                                while((FLASH->SR & FLASH_SR_EOP)!=FLASH_SR_EOP) {}
..\USER\bxCAN\CAN.c(717): error:  #29: expected an expression
                                FLASH->SR=FLASH_SR_EOP;
..\USER\bxCAN\CAN.c(717): error:  #32: expression must have arithmetic type
                                FLASH->SR=FLASH_SR_EOP;
..\USER\bxCAN\CAN.c(719): error:  #169: expected a declaration
                break;  
..\USER\bxCAN\CAN.c(720): error:  #169: expected a declaration
        }
..\USER\bxCAN\CAN.c(724): error:  #169: expected a declaration
  }
..\USER\bxCAN\CAN.c(806): warning:  #12-D: parsing restarts here after previous syntax error
  };
..\USER\bxCAN\CAN.c: 2 warnings, 19 errors
".\output\Core4X9I.axf" - 19 Error(s), 2 Warning(s).
Target not created
+i);
..\USER\bxCAN\CAN.c: 1 warning, 6 errors
compiling exit.c...
compiling photo.c...
compiling screen.c...
compiling paint.c...
compiling next.c...
compiling prev.c...
compiling date.c...
compiling pwm.c...
compiling sd.c...
compiling alarm.c...
compiling AlarmA.c...
compiling AlarmB.c...
compiling alarm_d.c...
compiling add_folder.c...
compiling del_folder.c...
compiling bmp.c...
compiling gif.c...
compiling jpg.c...
compiling pdf.c...
compiling hourglass.c...
compiling brightness.c...
compiling Arial18.c...
compiling Arial16.c...
".\output\Core4X9I.axf" - 6 Error(s), 6 Warning(s).
Target not created
